TEST COVERAGE RESULTS

FRONTEND
-------------------------|---------|----------|---------|---------|-------------------
File                     | % Stmts | % Branch | % Funcs | % Lines | Uncovered Line #s
-------------------------|---------|----------|---------|---------|-------------------
All files                |    2.85 |    27.77 |   22.58 |    2.85 |
 frontend                |       0 |      100 |     100 |       0 |
  react-router.config.ts |       0 |      100 |     100 |       0 | 3-7
 frontend/app            |       0 |        0 |       0 |       0 |
  root.tsx               |       0 |        0 |       0 |       0 | 1-99
  routes.ts              |       0 |        0 |       0 |       0 | 1-11
 frontend/app/api        |   19.49 |    88.88 |   85.71 |   19.49 |
  auth.ts                |     100 |      100 |     100 |     100 |
  entries.mock.ts        |       0 |      100 |     100 |       0 | 3-92
  entries.ts             |     100 |      100 |     100 |     100 |
  holos.ts               |       0 |        0 |       0 |       0 | 1-167
 frontend/app/components |       0 |        0 |       0 |       0 |
  ContributionGrid.tsx   |       0 |        0 |       0 |       0 | 1-239
  Footer.tsx             |       0 |        0 |       0 |       0 | 1-21
  HoloCTA.tsx            |       0 |        0 |       0 |       0 | 1-61
  HoloPopup.tsx          |       0 |        0 |       0 |       0 | 1-311
  LatestEntries.tsx      |       0 |        0 |       0 |       0 | 1-84
  LatestHolo.tsx         |       0 |        0 |       0 |       0 | 1-116
  LoadingSpinner.tsx     |       0 |        0 |       0 |       0 | 1-30
  Stats.tsx              |       0 |        0 |       0 |       0 | 1-39
  Toolbar.tsx            |       0 |        0 |       0 |       0 | 1-144
  WarningPopUp.tsx       |       0 |        0 |       0 |       0 | 1-119
 frontend/app/context    |       0 |        0 |       0 |       0 |
  authContext.tsx        |       0 |        0 |       0 |       0 | 1-52
 frontend/app/hooks      |       0 |        0 |       0 |       0 |
  useAuthenticatedApi.ts |       0 |        0 |       0 |       0 | 1-50
  useLatestHolo.ts       |       0 |        0 |       0 |       0 | 1-12
  useTodayHolo.ts        |       0 |        0 |       0 |       0 | 1-14
 frontend/app/lib        |   95.65 |    33.33 |     100 |   95.65 |
  firebase.ts            |   95.65 |    33.33 |     100 |   95.65 | 16
 frontend/app/routes     |       0 |        0 |       0 |       0 |
  _index.tsx             |       0 |        0 |       0 |       0 | 1-83
  dashboard.tsx          |       0 |        0 |       0 |       0 | 1-250
  entries.tsx            |       0 |        0 |       0 |       0 | 1-198
  login.tsx              |       0 |        0 |       0 |       0 | 1-169
  new-entry.tsx          |       0 |        0 |       0 |       0 | 1-189
  settings.tsx           |       0 |        0 |       0 |       0 | 1-259
  signup.tsx             |       0 |        0 |       0 |       0 | 1-142
-------------------------|---------|----------|---------|---------|-------------------


BACKEND
=========================================== tests coverage ===========================================
_________________________ coverage: platform darwin, python 3.11.14-final-0 __________________________

Name                           Stmts   Miss  Cover   Missing
------------------------------------------------------------
src/__init__.py                    0      0   100%
src/api/__init__.py                0      0   100%
src/api/router.py                 12      0   100%
src/api/routes/__init__.py         0      0   100%
src/api/routes/auth.py            20      0   100%
src/api/routes/entries.py         61      1    98%   49
src/api/routes/holos.py          124     46    63%   36-42, 60-68, 81-91, 116-126, 147-157, 179-189, 207-213
src/core/__init__.py               0      0   100%
src/core/auth.py                  39      0   100%
src/core/config.py                35      4    89%   19, 45-49
src/db/__init__.py                 0      0   100%
src/db/entries.py                 36      0   100%
src/db/holos.py                   55      0   100%
src/db/session.py                 13      4    69%   20-24
src/db/users.py                   40      0   100%
src/models/__init__.py             3      0   100%
src/models/entries.py             39      0   100%
src/models/holos.py               49      0   100%
src/models/users.py               27      0   100%
src/services/__init__.py           0      0   100%
src/services/user_service.py      27      4    85%   72-75
------------------------------------------------------------
TOTAL                            580     59    90%
================================== 89 passed, 34 warnings in 1.25s ===================================
